22982.995
24076.435
13208.937
14076.999
11948.995
9857.098
12787.932
11589.939
11833.546
11533.996
9933.365
11052.648
12595.868
11989.433
12827.742
11867.211
11742.683
13015.476
11968.481
10323.082
12306.235
11373.779
12677.163
10426.447
12261.606
10799.471
8350.265
9032.618
13896.110
10144.497
9102.669
8673.004
10755.681
10399.768
11552.714
11936.842
12172.558
11064.172
12096.710
11798.905
10852.970
11433.424
12911.971
10733.751
10601.540
12071.846
9683.612
12938.721
12204.754
9269.242
11392.218
13510.444
12039.929
10836.697
11008.019
12157.752
9713.434
12168.856
13018.131
11630.517
14410.074
10314.561
32116.533
15947.009
11045.523
10748.906
10574.721
12136.449
9955.854
13368.107
16239.296
11111.036
12284.584
8892.935
13788.623
10070.325
10910.520
13022.321
10072.281
14741.402
11548.313
10539.241
12932.365
10213.221
8759.886
11916.868
10121.938
12983.350
10907.307
11894.659
11324.471
12084.069
12702.097
9470.315
11079.117
11748.061
12505.702
8971.227
12213.415
9842.292
9865.340
10730.468
11916.379
11101.327
10745.134
11401.506
10830.063
11533.018
11690.441
8440.501
13143.845
8477.657
9298.365
13839.747
12476.439
12255.181
11126.191
9057.831
11519.120
13502.901
9777.479
10433.711
15676.442
11278.445
18876.098
24414.329
14208.931
9292.708
10968.558
11713.698
11440.339
10346.200
11311.760
9413.115
9930.152
10645.889
13203.699
11756.791
9551.262
11207.905
12938.023
9859.753
12009.059
12275.644
12041.466
10891.732
12501.652
11555.856
10205.748
9048.332
10628.639
6931.711
13098.518
12871.742
8959.215
12898.003
12200.914
10722.297
10649.172
10462.346
12979.299
15678.678
11399.062
15525.026
13969.443
9298.016
11816.366
10966.603
11760.912
12538.318
10533.794
11896.684
13112.836
10689.750
10956.964
11569.476
12623.874
8879.036
12227.942
11404.369
12572.890
12809.025
9820.572
11208.884
14008.066
12099.992
26103.519
18333.009
11487.691
11754.486
11287.664
12994.454
10718.316
8241.522
12355.613
12205.523
9872.324
12206.781
13456.038
9671.180
11794.366
13669.823
8425.694
12066.958
10498.524
10168.313
11145.537
11584.351
9931.968
10123.265
10797.726
11438.174
11239.683
12329.911
15534.035
10550.206
10468.632
10319.590
13276.894
13038.315
10421.978
12672.065
12703.005
9855.143
11030.997
12001.446
12585.322
11120.604
10183.677
12454.857
11577.926
14007.228
12762.161
12265.238
10235.989
11108.171
12912.599
11209.372
10753.236
10948.374
7521.315
11812.175
11963.103
12331.657
11521.914
13418.183
9593.726
10789.065
34983.533
12657.748
11325.100
9024.447
11672.283
11566.123
11618.853
9217.279
12500.814
10319.450
7974.937
12039.719
10995.168
12787.025
12649.506
11786.893
17899.223
8717.702
12293.593
10003.486
9648.132
12194.070
11099.092
12530.915
9318.340
12805.184
11101.257
9371.001
12724.517
11126.190
13202.233
9914.718
10676.899
11619.482
11003.618
12352.610
9248.848
10911.777
10390.409
10837.116
12447.385
15206.758
10726.837
10951.936
12028.684
11841.788
11801.699
12579.525
10070.744
11915.541
12141.967
12092.659
7161.281
9932.737
12080.228
10700.017
12027.287
12607.322
9496.017
12499.347
12489.080
12705.450
28094.913
8831.474
11366.446
10917.783
11047.619
12576.242
11764.193
11332.852
7896.085
8681.035
8395.033
13732.820
12249.034
11674.238
12374.679
10431.197
10094.979
12552.845
11415.824
9899.981
12374.190
12372.026
9818.546
12557.595
11506.479
10749.256
9445.452
16459.857
10487.908
14680.291
9791.726
11524.078
12546.490
11362.535
11466.878
11860.156
17397.759
12090.214
12352.470
12780.529
15107.932
10770.208
7811.926
11996.906
11620.879
11302.122
10058.940
11574.923
13102.499
9002.097
10433.153
11870.354
12143.155
13861.469
13090.975
11114.457
10403.120
12335.079
9591.281
14524.125
12951.571
14210.188
24486.685
16273.240
13725.207
11722.289
12222.215
11335.087
13027.629
13853.926
12353.378
10921.065
12461.074
10022.623
12965.121
13418.044
9609.999
11668.581
10261.831
11326.985
11586.936
10259.875
8442.735
11386.420
13487.955
11154.686
8965.849
9879.308
18111.472
11923.712
10907.796
11432.516
12202.381
12622.827
9646.456
12984.188
11050.342
13802.103
9044.770
9440.633
12233.251
12527.982
9906.407
8082.143
12360.083
12102.507
11541.330
12097.478
10828.176
11642.669
9048.123
8998.675
10998.311
13916.155
14363.490
11079.327
14363.769
10714.614
13387.383
10995.517
10310.440
13839.398
9644.640
14466.367
27778.949
13994.237
7501.550
10030.026
10437.971
11398.084
12085.396
10455.781
11870.842
12974.340
10633.528
13139.516
13154.531
12603.760
12690.503
9422.125
11699.102
10447.260
13151.598
13094.817
10731.027
12125.764
12892.276
12294.502
13446.050
12030.430
13598.585
11775.578
11681.921
11014.863
14405.884
10914.919
11717.610
11730.042
13844.846
11812.664
9800.946
11743.870
13126.245
9794.590
14201.876
10112.928
11457.659
10911.777
11650.422
8833.430
12477.138
16750.048
11778.092
12352.400
13283.738
9138.778
10828.106
11492.999
12615.284
10966.533
12233.320
10245.069
8915.214
11490.065
11595.038
10512.771
25180.003
17030.183
13616.604
11994.253
11572.060
8489.529
10946.837
14648.165
12542.509
13373.625
12285.142
10748.277
12334.731
10855.834
11360.300
11966.037
7451.544
12227.872
11322.237
12487.264
10291.444
11416.173
10340.892
12684.846
9577.523
10854.507
13094.677
11510.739
9688.151
14796.648
9893.625
12524.420
10067.881
8857.804
16550.371
10493.286
13785.830
9792.844
11263.220
11587.425
8616.502
13705.162
11722.289
12332.076
17040.520
12604.669
17811.921
8406.209
10994.609
8291.877
12509.613
11837.039
12373.004
10539.032
9936.788
14147.469
12978.391
12141.898
10851.503
11126.400
11760.563
9328.327
25233.083
17852.847
10802.335
11058.235
11339.487
11981.541
10457.108
9259.604
12040.627
10704.976
9855.631
10009.213
12908.758
10259.526
13678.134
11523.310
8301.376
11288.363
8961.589
11079.397
10699.668
9822.178
14129.870
9742.139
11541.259
10946.907
12312.032
10507.534
9246.473
13127.572
11684.225
13330.183
11684.715
9600.360
13128.620
11358.693
12363.645
11301.563
12560.947
12425.315
11254.560
12981.254
10657.763
12019.185
12632.954
10949.491
13319.917
11197.220
8342.722
12284.374
14394.709
12066.468
13158.093
11029.180
15339.038
16571.254
10921.065
12054.665
10417.019
11953.185
11736.187
12864.130
36057.767
10094.700
13104.874
12065.561
11859.808
12538.667
7616.230
16603.940
12429.366
12792.262
10295.285
13747.067
13800.845
10685.490
10116.700
11625.628
9906.896
10478.968
11004.317
12519.880
11217.125
11433.843
14981.169
10368.898
12372.654
9882.940
14246.994
10885.935
11379.296
10411.152
12722.072
12295.060
9402.290
17521.868
10577.864
9444.894
10019.270
11923.852
10365.825
13087.903
9856.470
11142.115
12849.742
13200.417
10749.884
7912.148
13464.140
8066.918
11711.883
13857.347
10082.477
9646.037
11264.477
11976.862
9352.632
13390.037
8660.292
10002.019
13027.140
9400.683
11951.998
8186.975
20276.981
22957.921
14057.653
9791.238
12732.199
9443.985
13364.056
11694.701
11235.912
10056.077
14763.054
13286.323
11630.377
11600.555
11029.390
11236.191
12481.957
14399.668
11654.124
12597.824
13947.583
9946.915
10805.966
12047.122
12031.897
11702.314
12913.927
13371.110
13633.156
11025.758
11572.059
11980.284
12100.412
11501.520
10654.550
13805.805
10476.035
11908.906
12461.074
12705.450
16990.443
10271.748
9335.731
8565.378
11018.635
10838.094
14396.945
10915.129
10569.553
12967.914
11889.699
10029.886
12393.397
10455.851
11716.562
13163.192
9084.650
9204.428
17189.422
9344.670
12913.508
6829.394
29261.757
12522.534
13286.741
13582.242
13617.092
11258.541
11963.103
11838.855
8833.081
7996.028
15344.416
12434.953
12329.073
10553.978
9874.000
11117.041
10823.566
11355.480
11765.800
10554.676
12533.220
11525.266
9595.052
17035.002
11321.677
11965.617
12289.962
12636.725
10404.587
11717.679
12402.896
13367.967
12453.949
11246.946
13636.019
11003.828
10361.285
12873.349
11344.027
10623.960
13660.743
11263.709
9819.105
12084.628
11009.486
12750.288
12699.304
14318.023
11926.855
11342.630
11848.563
10968.349
11692.467
7902.022
13947.583
11846.467
10837.256
12298.063
12589.024
10054.331
8184.740
6008.406
21235.418
21503.120
13165.986
10422.047
12649.088
10156.090
12039.859
12527.005
10700.436
15159.684
18662.312
11888.791
10747.370
13117.376
10296.263
16416.415
13406.100
11263.360
9929.873
9859.822
11780.886
11515.069
13966.510
8924.154
11333.201
12690.434
12070.728
14783.098
13320.824
13315.865
10976.939
11428.605
11963.871
14293.579
11317.137
10210.567
10810.227
12236.184
9356.683
11259.099
11907.020
10398.021
11378.668
12343.461
11522.542
15860.964
11190.026
13356.095
11377.551
10632.969
11887.534
11252.953
9016.764
12139.034
11029.669
12532.941
14282.055
14775.136
8077.394
13699.506
6920.747
4613.738
26037.937
13259.643
10851.713
11386.979
9673.624
12793.241
12656.350
10959.898
10807.713
11431.119
11639.736
12171.511
11414.078
12290.800
10592.950
12287.238
12434.464
11548.314
12293.523
12599.430
10233.335
11548.523
11282.496
11876.011
11430.002
12236.742
9958.927
14375.293
11621.927
10204.910
12059.415
11725.222
12756.503
8208.347
13931.799
14318.023
16228.541
10923.929
10325.107
9721.186
10876.786
13589.645
15335.127
13413.923
12174.513
12500.045
9381.197
12294.711
12680.028
11830.683
10141.215
9492.735
16150.737
10462.695
12847.159
15649.484
11096.020
15541.159
13900.649
8849.493
5360.694
4362.308
27035.765
17967.178
12733.596
11763.565
10969.815
11532.110
17367.379
11029.460
12063.046
8808.706
10777.611
12374.191
11822.791
10986.158
11978.189
7988.974
12510.033
11555.996
8252.487
12291.428
10498.594
8858.713
8767.219
11635.686
11072.203
12587.207
11192.052
11179.410
11875.102
13213.058
11872.658
9483.935
11559.069
8816.319
12477.836
10699.179
14805.657
8635.988
12564.649
11629.958
9612.303
10873.015
13030.772
12536.642
11691.349
11246.598
12260.349
10703.370
11642.740
10708.538
12054.735
11925.528
10614.670
13045.439
9800.038
11463.317
13555.492
12198.399
11656.149
12907.991
10213.570
11090.153
6172.603
4821.378
4046.903
3768.166
3940.185
4237.431
3851.486
4292.816
Elapsed: 0.831158905
Message Size: 1048576
