30792.127
86585.741
63091.297
62918.020
63659.109
66784.801
58069.753
57044.408
60438.153
62887.639
57302.962
59075.752
64521.723
57969.042
55939.863
59089.092
62609.529
59046.139
56791.372
55544.629
58123.391
60457.010
64287.544
61600.178
59288.001
58929.574
55627.671
54848.936
55612.236
62550.303
61809.423
65306.114
60348.686
57262.245
58691.763
61596.616
54970.461
58164.807
60104.520
61510.850
58894.373
55870.091
60654.243
55479.327
56068.511
57605.097
58892.418
61867.322
59077.219
55868.135
62659.116
66331.739
65800.942
65836.143
61567.491
63972.559
59308.744
60719.615
60857.342
64196.401
59815.445
58756.506
54391.823
77163.686
63005.391
57635.548
65522.554
61710.598
58801.834
58022.122
57764.405
66499.777
53704.931
59732.752
60428.863
58680.378
58045.518
59243.232
56609.504
58614.658
56710.495
59177.651
55761.627
61301.605
61849.582
60937.729
61699.493
56899.277
56209.242
59900.861
58339.761
61510.431
59115.701
63448.816
60997.374
58451.857
60920.270
58124.579
57749.180
56666.565
58640.360
60799.583
55621.734
59882.143
54459.919
50753.842
60681.830
56835.861
59066.602
58854.843
53036.267
61899.100
60752.230
62104.644
64072.152
62427.382
64273.785
57108.663
60353.155
61596.336
63229.303
63286.224
59889.197
58254.903
40210.690
83842.711
64724.893
61383.389
66163.700
60972.162
60501.499
59335.144
59204.540
63474.308
59230.172
58526.518
60903.088
59763.692
56083.876
63987.225
60121.491
57259.031
56752.889
55658.541
61024.543
61174.982
62243.419
60880.530
63400.974
57115.368
56104.480
56225.934
58929.923
58534.130
62843.777
62674.971
59974.684
58025.963
61246.849
57089.666
58089.867
55819.386
62225.749
59383.474
57920.502
57095.322
57859.809
54967.946
57214.613
58958.838
59248.540
59676.879
57028.065
55780.345
65852.276
62229.800
63476.962
66185.770
64072.711
61501.143
59559.755
64614.822
61954.833
58060.395
59540.618
61945.824
59337.239
77010.594
63714.773
57838.647
66207.770
60574.484
56569.834
59724.930
62997.848
62623.637
55693.042
59696.016
60551.227
59265.442
57856.038
60894.358
58299.672
57857.294
58231.926
57704.761
60541.867
62453.153
62078.873
61956.091
60526.921
56025.000
57491.604
59776.124
58017.372
62590.043
62134.955
61230.785
63802.424
56915.411
58588.397
58337.386
60083.008
58463.799
57160.555
60157.390
58278.650
58870.976
53423.190
55067.262
58933.555
59465.049
57227.742
56322.805
56235.154
60529.156
62308.092
65547.348
67112.917
61503.098
64234.394
57163.419
62437.788
62824.292
63676.150
60137.344
57737.866
63034.865
72321.217
67891.232
66260.570
59206.495
63732.932
59660.396
57943.270
61189.090
63263.037
59868.873
56267.839
62192.434
62312.353
56366.945
56420.373
60325.009
56710.006
58823.484
56101.825
57009.417
58853.795
61921.450
63450.562
61125.883
57873.009
52810.678
58686.455
54043.663
56707.422
59550.047
61231.553
64627.114
63811.224
55382.177
62387.782
60039.218
58916.443
56590.717
58837.103
60806.218
60760.682
56415.065
53997.917
53628.734
59818.727
59833.115
57888.933
54833.223
57287.946
61248.316
62584.386
64016.698
68749.097
64189.766
60561.842
58935.371
59560.034
65363.105
57129.265
61614.425
59257.550
58793.382
46008.313
80601.990
63551.203
75584.428
65313.308
61005.965
57696.240
58766.284
62709.891
64480.656
55000.981
59351.207
60361.815
61507.358
56921.138
60116.601
58456.536
57824.819
58938.094
54455.659
61097.597
62082.295
62952.801
62842.171
57259.939
57993.626
57127.729
58058.020
62448.893
63070.972
60772.275
65118.590
60237.288
57043.500
58819.782
59966.861
58848.627
59247.702
57047.132
59436.623
60145.028
56750.165
55399.777
53982.900
56549.440
57653.357
58819.224
56396.417
57886.699
58146.090
60764.802
62931.290
68756.151
60855.945
59933.197
59548.300
63458.594
64320.160
57994.674
60925.368
60150.475
61524.121
67150.702
69250.909
68634.557
60329.898
66566.896
59597.539
56400.817
61481.098
60302.450
60996.886
56236.341
63786.709
60460.502
58063.537
55476.394
60001.013
62675.879
59808.181
59636.301
55280.139
58447.247
61693.067
64158.477
61445.898
57677.592
56778.521
57980.496
53655.413
57378.531
63422.835
61947.570
65908.917
60536.070
55532.895
60474.680
60955.190
56534.145
56830.833
58978.742
59297.429
57219.362
57919.245
55184.037
55934.834
56455.783
58779.763
59836.188
55516.413
58447.527
58671.788
61743.004
65182.285
69533.209
60865.723
62675.669
58892.068
63911.657
64432.116
58451.787
62632.926
61447.992
56876.020
84599.655
65470.451
63279.100
60514.141
62801.733
63078.026
56524.018
57540.494
64185.715
56244.722
58350.866
62969.213
59041.809
56433.504
56912.198
62314.378
57973.930
58069.753
55967.310
56088.206
62609.529
62478.087
58880.125
61006.873
55097.712
59615.349
53092.490
54902.645
57262.942
64565.793
62773.238
62735.872
56103.921
54465.436
62485.141
55626.763
54754.650
59381.029
58364.136
61190.976
57562.564
56583.313
57407.584
56160.563
56914.852
55341.110
60626.934
59256.153
58920.563
58884.665
63138.020
68412.601
65412.273
59384.592
60059.751
62304.321
61329.332
58036.578
56355.211
61571.752
57243.108
54501.823
77454.716
65006.494
66685.207
61019.026
64451.043
58595.032
60303.568
55746.122
63019.639
59822.359
53467.749
64972.341
60446.534
57464.296
55454.953
60204.602
60551.016
57052.370
57448.023
57448.093
57164.955
65420.934
60906.440
60488.508
55080.392
59418.605
52280.441
54843.559
57740.939
62455.528
62427.731
61494.927
59057.524
56934.687
59449.823
61569.657
56247.236
57524.569
57020.941
60463.435
60216.406
57875.453
52559.738
53526.904
56982.179
57746.666
59351.557
57461.433
56161.820
59772.283
62504.697
64959.001
69040.826
59715.432
58840.595
59937.108
65820.288
59750.213
58923.986
58800.716
63932.748
58964.774
47673.408
82542.121
61852.027
58395.774
63936.170
62199.070
56602.450
59330.744
59585.526
67556.551
52953.365
57634.989
62218.975
59211.594
58960.025
58212.998
56952.427
58883.269
56715.105
55877.704
60123.237
61845.531
62387.153
58451.857
62546.741
56343.198
55180.404
55974.434
62230.568
57546.221
62156.536
62296.638
60184.278
59145.315
58305.469
60470.210
57828.869
58644.550
58241.563
58592.727
58135.404
60027.205
54515.513
51388.284
57946.483
62117.215
59580.148
56926.167
54963.198
61528.660
62470.265
70149.073
65154.209
60536.210
59134.349
61067.216
64910.811
62734.825
61504.774
64048.895
58611.166
55085.910
37864.780
81210.520
64979.884
61695.581
66304.920
61667.295
57941.664
56637.301
59506.815
63887.282
57918.965
56328.252
63861.580
56059.362
55546.725
61703.753
57900.876
58184.364
55978.416
55115.941
60412.731
59290.515
63608.823
59332.559
60479.010
59143.568
56661.676
59052.844
61911.811
60483.829
61531.244
60440.946
61696.280
59882.213
59376.840
57350.873
57395.502
57830.685
59951.427
58764.678
56602.241
58230.040
57611.592
56438.952
55382.527
58183.106
59760.130
58710.969
57126.822
61504.006
62136.212
68406.035
64238.026
60048.366
60067.364
61963.843
63469.558
63764.849
59871.248
61295.109
59725.069
54959.915
107247.899
68393.603
61136.848
63385.260
65464.725
57318.816
59996.474
57107.265
62947.283
58624.855
58455.698
64455.303
57082.960
57046.713
58196.027
61722.540
58481.329
57615.573
56858.979
58888.996
59057.035
65456.903
60292.882
60418.667
58763.281
55413.536
54498.262
54041.357
60928.790
63886.094
66284.177
60511.626
57703.015
57848.425
59394.160
57802.888
56511.446
57052.649
63268.973
57197.012
58288.218
56743.181
54795.438
56266.582
59888.849
58021.981
62853.695
56111.394
57816.577
62246.352
66765.874
66075.769
64748.987
61852.096
59929.706
62146.200
64363.880
61672.464
62748.793
60124.774
58167.950
55549.867
54017.053
76940.054
65963.045
59229.893
63939.663
61907.411
57340.537
57667.186
63159.532
60850.568
55151.001
61057.229
58037.696
60685.392
55521.441
58838.570
57780.818
59385.849
59803.501
55198.983
58145.461
61038.092
63131.177
62940.998
58762.513
55993.082
57658.456
56597.213
61500.165
63068.179
61033.273
62163.311
56932.312
61752.362
55212.951
57808.685
55559.785
59860.423
60330.457
58601.108
58381.876
56974.706
56028.282
55493.156
60040.056
58930.970
56376.443
58591.959
59458.274
59216.273
64294.249
68073.100
64042.889
58131.284
62204.098
57757.561
63616.575
61088.518
60140.278
59372.718
60104.589
49002.144
63206.815
72714.845
64866.461
61377.453
66460.527
60268.507
56313.934
60224.716
64203.245
63143.259
51669.396
64514.879
58558.156
59464.281
58356.872
60229.954
56539.523
59383.125
58047.404
57946.972
57027.647
59164.171
65621.520
59138.749
57259.730
59164.381
54518.167
59165.918
62474.386
62760.946
64235.931
60834.295
56550.488
61680.076
56220.696
56270.842
56082.060
61766.680
56653.434
59790.512
57144.561
59814.397
54650.517
54661.901
60525.036
59867.965
58805.605
55110.773
57993.416
62718.901
68032.801
65025.770
63658.271
62821.708
60320.540
59153.835
63658.341
62281.413
61348.817
58751.477
59976.779
50860.421
75049.790
70100.044
60519.938
64342.789
63173.290
59865.940
62705.212
56667.264
60579.232
60754.325
55828.395
65807.228
56698.971
58874.957
58189.532
58942.355
58600.620
60070.227
56736.407
57753.790
58592.448
64758.835
59296.173
62346.435
55700.166
58629.813
54279.727
54424.929
58275.297
64224.826
63852.151
63183.348
58931.739
56979.246
58247.640
57368.194
56763.854
61761.651
59256.433
58995.015
59249.867
57037.075
54634.104
56245.699
63706.881
56338.100
56822.032
58200.497
59991.026
64901.871
63882.532
70761.863
62451.407
64480.307
59129.739
58612.842
59235.899
60396.388
60782.751
59269.493
60152.431
47811.973
77961.208
69312.579
62773.377
62407.826
63135.856
61447.434
55637.239
58854.913
64056.578
55917.863
56308.836
67186.111
58033.016
54843.070
56487.002
61486.196
59304.553
58665.153
56044.136
56799.054
60102.843
64664.688
58866.646
61767.379
57035.189
57101.399
54735.514
53496.942
59756.778
65291.028
62360.823
62318.290
56384.544
57176.758
61262.493
54914.658
58016.464
56674.108
58565.628
63114.763
55613.632
56028.562
54786.289
54228.464
56776.984
55390.908
60613.944
59546.275
54681.876
57943.060
63413.825
65701.139
71098.709
60212.844
58095.455
57383.908
65920.232
61721.353
57576.531
60079.027
67074.364
53517.685
18767.284
6858.448
6874.791
6601.431
7199.485
6807.114
7280.431
6754.453
Elapsed: 4.007344045
Message Size: 1048576
