[2m2024-01-03T14:56:53.096477Z[0m [32m INFO[0m [2mclient[0m[2m:[0m connected @ [::1]:9091
20334.926
234980.743
27890.620
475240.828
694750.497
2488912.721
828656.971
1500792.697
2920090.433
2248675.615
3672286.569
1549041.361
1589777.073
2811999.160
1905815.497
1856873.934
1896721.259
6322915.856
1562417.669
4707047.149
1817853.536
2877003.288
2913804.812
2813101.054
2837448.739
5040973.243
1194060.761
2510702.171
2600907.242
1582016.672
1811241.125
4749923.791
1572388.493
2546359.897
6043864.246
2521188.706
3740986.864
1821242.260
1825562.184
3741017.245
1518986.274
4698928.879
2790168.852
2327408.821
1501691.770
3727662.867
3734204.598
1104139.457
2570576.908
1501098.115
2493358.290
2414406.268
1473824.338
2205489.643
3653970.980
2262422.992
3657444.631
3671844.052
4765199.378
2620507.991
1465855.459
1524161.340
2602644.347
3918007.513
1505311.531
1507381.711
1548257.945
2672872.011
2480973.176
2504801.867
1582087.282
1811684.969
6485611.536
1546435.842
4713704.259
2619915.383
3927811.973
1158443.962
1488371.894
1501583.097
2599662.242
1561971.660
1811816.621
1829986.243
1898869.592
1923856.889
1953720.889
1997305.099
2994168.406
4073628.009
1899035.885
5718559.842
2928233.636
5075196.978
2015616.219
2996611.821
1781013.249
3955872.938
4021382.161
2918674.670
4067285.816
4069454.125
1959770.933
1977351.090
1837095.717
2905825.876
4020793.534
6750122.365
2944361.641
1939056.208
4055729.725
1077287.314
1557844.290
2507055.103
2599799.132
4882106.850
1879224.913
1879513.988
2757878.827
4015569.509
5192308.596
2896731.148
2801058.863
4882061.174
1820110.543
4028021.321
1963083.321
2919923.232
4015776.939
1925017.799
1810875.364
3752016.977
2681261.617
2796019.708
1909269.943
4066304.748
1914050.962
2907970.787
5017713.833
6987166.654
1863295.048
2895697.490
1924163.634
1970362.371
1952641.554
2600070.327
2789194.768
2862591.504
2895956.113
4050691.896
1932898.677
2945296.613
2467613.140
3462999.782
3712365.700
2540536.349
5653107.260
2527526.360
3994538.120
3765108.402
2841418.966
2848778.055
5063585.710
6406415.068
2676142.423
3806600.501
3994096.022
6161817.739
2922058.226
1909520.255
6672838.375
6406289.353
1923776.361
5017416.795
6406411.297
5736588.940
5169515.939
3002271.240
4078145.097
1999926.680
4067123.224
5149395.287
6006195.776
4087674.380
2973023.735
3003137.069
2981825.196
5999485.936
2959945.510
2974958.631
3175867.337
6406267.003
5843847.909
6564636.333
3345953.884
5402333.402
3345935.096
3314457.961
3352030.748
3379023.063
3393555.742
4254298.031
5298274.096
3212453.958
4286956.262
5454391.306
6816884.131
3461102.321
4318171.072
4313754.626
3346549.914
6681528.859
3392927.446
3138310.893
3171117.048
3205261.372
4260644.625
3224192.407
3280150.277
3338903.564
4370543.054
3410280.337
3379100.936
4352149.451
3378630.832
3093476.725
3131396.626
3160563.185
6406105.669
3210622.009
3211161.745
6406073.332
5784246.603
5171721.053
4189694.727
5168609.392
3130708.964
3133129.122
2150092.392
4260210.349
6564331.753
4325525.971
3205354.820
3184831.042
3212883.206
3225372.105
4217571.727
4243170.279
5288485.909
4262941.232
3182636.194
3250868.689
5458876.617
4260494.744
3143253.806
3180277.637
3193007.001
5425194.506
3315069.076
4335565.518
4340359.948
5930613.551
3378214.574
3376334.364
3245370.253
3262691.646
3333556.198
5464592.468
3339464.045
3341282.655
4335534.439
3132494.259
5517238.301
4228737.473
6123326.811
5338787.781
4259510.115
3252887.185
6420572.138
3002155.862
5782246.613
4214055.402
3170315.264
4171698.243
3177620.645
3108456.322
3158932.030
5402902.613
4175500.361
3120583.441
2185986.462
3217113.035
4277443.670
3338435.275
3315768.263
4302531.818
3315257.370
3344336.767
3196900.960
4241997.356
3210040.995
4308220.083
4335083.609
4283187.878
2254520.115
3007392.180
3269587.754
3282660.321
6852215.416
6852267.867
5294926.928
6400470.065
3452583.089
2332007.763
3453339.895
4394675.418
6656129.285
3451327.543
6320119.811
3445766.181
3444228.475
5295527.706
4402587.724
6319036.006
6320184.415
5299370.611
3399726.962
3453513.242
4399529.073
4408056.965
5436744.801
4400236.989
2389223.484
4393603.206
4369608.641
5481273.830
2270162.650
5879717.325
6664078.818
3315324.349
4359742.161
6822162.354
3662364.776
2552466.723
5646437.159
3711470.188
3711257.799
3768457.944
7050513.017
4675937.800
5489657.708
2533008.801
3669350.141
2611450.140
4745639.067
4714518.964
4748333.284
6644511.034
2558108.613
2611086.543
6627319.129
2621096.827
3725175.312
2674455.255
3750243.206
5700573.346
3799095.931
5572971.000
5819652.688
3771912.738
4705985.344
4786798.231
3763298.173
2754744.608
4706292.578
6748052.185
3771624.152
4732336.372
6561317.940
6556254.619
4732078.935
3799038.591
3771378.239
3799005.765
4835728.759
4932875.684
2847342.876
3997200.978
4958657.990
6648494.321
6930332.968
6483245.017
4972239.425
2861171.201
6500052.862
4037861.051
3992628.855
4038106.196
4042220.506
5013485.890
2866848.082
5037297.121
4041874.720
4049494.249
5703941.815
2920171.659
4053741.678
5195777.429
4054124.410
4994462.663
5715910.603
6505304.615
2952994.716
6747823.942
4063934.040
6851860.061
2932107.551
2938153.405
6989480.443
5066507.821
4064252.448
6017975.292
5743517.176
6174912.865
3001158.940
5177643.567
6327095.399
4087115.366
6402341.126
6821743.025
6128668.382
4189300.399
3129606.511
5167324.583
5566344.132
6990754.916
6404597.994
5280689.679
5188795.485
6747682.303
5187740.105
6238092.585
6949770.497
5329229.932
3227692.319
5337818.726
6562769.881
4279930.247
6138277.214
4328249.730
5281062.285
5928965.564
6985300.063
5432693.139
4350161.614
6404446.577
4393636.731
4371819.134
6319574.137
6319577.419
5298554.301
6613654.653
6851597.037
5937406.084
5942480.858
3468277.237
5381124.057
5693343.044
6404430.024
3490362.608
4407480.072
5535058.642
5365071.411
6319084.126
4408510.448
6319384.656
4407054.246
7003137.865
4445801.772
6747466.632
4445807.709
6821567.791
4440173.781
5699937.926
6018694.034
6830953.271
4541755.590
4626939.525
4549649.599
4657647.143
4459038.118
5823570.882
4505845.596
6404217.426
4536952.570
4463542.844
4463328.429
5337870.129
6679447.154
6821531.753
6679563.930
6315191.635
4441801.794
4463694.191
5488895.036
4439625.523
4466780.570
5692771.250
6561643.543
5554580.750
3567108.677
6631474.995
5564656.685
6644181.521
4621498.919
4587171.820
6319332.903
6319221.366
3556900.042
3571488.455
3577817.937
6128150.854
5390755.450
4586330.366
5774506.117
6747185.309
4458704.135
5492743.807
6523718.543
4539497.745
7049730.928
5997218.242
4605246.875
5820979.053
4623182.736
5546229.557
4614533.878
6633166.424
3650376.781
3657459.088
3647895.442
6679312.569
6990234.734
6851262.914
6326502.582
5471425.579
4675021.406
6679338.899
4498731.791
5376607.599
5515879.598
6984878.916
6679194.397
4484300.382
6606720.341
4505571.607
6424552.003
5488695.499
6319133.855
5372920.650
6621064.168
6883873.652
4462727.651
4498289.204
5962544.518
4552397.872
6679160.873
4406989.643
6316843.393
4539257.908
4552602.649
6821154.049
5497253.142
4547496.166
5384427.783
3545958.208
6562111.482
6747105.968
4466868.221
5537931.305
6679280.652
4688830.315
6326348.231
5564629.377
6756301.547
5386899.344
3556274.120
5963536.132
6318930.964
4574522.983
4678998.617
6422790.034
4596280.795
3591791.114
4586470.888
4596464.829
5994439.447
6741316.573
5963499.814
4538641.694
6318966.932
6643566.005
4574709.321
3562469.505
3632168.398
4646853.235
3637879.361
3627691.120
5352006.387
5963423.896
4498483.224
4498432.380
4543862.577
4549361.082
5384469.200
3608794.587
6127760.717
5993628.025
5547974.275
4660662.912
6574318.011
4605288.012
5390825.152
3604874.366
6883537.922
6422898.568
3615599.272
3581202.819
6018003.229
4551821.887
5512366.627
6992629.889
3627131.059
6957475.442
5888452.926
6662954.156
6326095.754
4613802.773
3638060.461
5431792.738
5391118.417
6756010.098
4636202.712
4719984.013
6991116.836
4657310.367
3654731.207
6017220.931
6820748.128
5475850.406
6318695.527
4660154.394
6820693.302
5995087.579
5649834.264
4798069.648
6017850.904
5921355.603
3673991.826
5480108.939
5649976.322
6236546.009
6558549.202
6504327.599
6613003.028
5727162.254
5536646.775
4707803.536
3772890.523
6056409.787
6137514.263
4785743.620
6561737.620
4878451.121
6416088.296
4938071.704
5613625.277
4731003.511
6820521.492
6146467.422
5571074.168
4802045.251
4830772.576
6820633.169
4790931.608
6325846.837
6931893.094
4768553.740
5001879.581
6561610.926
6988245.709
5868549.274
6192417.661
5614092.938
4768258.797
4760803.815
5868122.890
5888905.641
3808103.636
6325537.159
5613905.203
6528275.860
5571429.173
6171065.490
6127421.007
6121785.823
4887018.264
6746424.661
4846292.819
4876604.645
3889816.015
5627731.573
6561588.786
4863557.290
6561558.335
3813155.293
4863345.948
6192322.397
6561460.906
6863071.903
5647368.709
5653395.916
5121663.208
6755655.511
6678142.580
4858819.083
5082315.811
4901918.801
6318312.514
5010848.594
6127217.069
6503629.460
5889953.896
6667267.654
6989382.385
6143139.810
5073039.774
5042138.414
6677764.875
4826192.072
6561330.302
4910370.705
4895723.484
5647327.363
4962290.253
6983895.753
4759799.281
6119256.921
4901184.834
4829722.714
6152584.166
3895735.944
6678319.070
6483294.814
4850590.324
4889432.206
5862484.073
6983888.769
6115740.806
4828806.880
6755507.865
4790594.271
5613448.508
6214490.600
4858203.987
5884462.585
6658679.350
4930873.181
3988545.974
4994370.402
5653785.353
5941022.421
6882886.997
4930586.969
6317418.609
3936461.390
6402935.131
4978945.564
3941447.535
4945965.362
6744764.662
5962644.741
6928465.609
6143037.282
6755049.355
4891224.347
6930376.549
5653617.035
3936477.384
6560795.594
6677797.771
4790091.061
4779695.181
3821907.935
4894787.185
4829060.474
6819572.761
5888451.110
6990145.477
6819576.183
5867732.543
6198083.297
6833793.038
6236001.592
4801648.480
6819641.416
4957232.729
4951793.171
7047991.030
5570437.071
4801246.122
6560393.025
4789743.389
6745384.368
6982930.610
6172332.560
4960677.116
6849453.104
6560391.768
6949295.642
6158746.097
4930325.411
3901521.639
5843096.062
6624403.095
6191262.199
5637142.753
4924985.728
6677180.020
3928188.351
3907970.200
6812372.911
6982821.796
6526666.495
6317136.729
4040105.697
6493235.815
5697787.636
4988615.438
6927643.640
6881627.749
4051163.538
5062215.833
5137418.119
4050969.727
6744899.806
6399456.242
6744852.244
5958996.974
5169498.339
6815937.286
5720394.516
5081507.882
6559641.318
5004939.210
6492541.867
6982197.132
6526260.295
6053987.744
5280171.383
5186073.192
6676589.717
5534432.581
6656443.294
6743973.355
5400425.534
6818045.950
5751940.864
5200671.313
6945655.139
5209672.522
5049693.550
6847551.591
5168225.961
5349846.390
6650556.120
5091776.510
6652751.248
6743954.287
5136178.287
6817042.602
4089908.759
4086789.624
5207180.288
6558231.910
5748468.260
5097158.658
6231977.378
5727696.963
6724345.507
6741225.988
6649747.982
5160645.961
6815570.826
6819216.358
5120978.689
6735682.366
6972300.969
6040255.102
6724311.284
5105045.472
6740446.833
6036265.320
5161072.835
6978036.097
6877175.195
5753580.400
5250375.828
5216789.541
6397225.914
6977905.912
4185660.665
6946486.326
6417740.752
7042855.913
6808751.195
6209886.769
5753533.746
5245582.028
5133431.271
5774058.850
4083335.460
5165497.452
5748095.026
6050084.216
5133384.477
6983297.350
4157015.473
5133358.635
6031540.174
6740174.939
4191168.249
6230437.226
5256439.003
6730752.723
4113913.033
6950936.994
6033293.063
6230642.422
6567987.901
6477224.026
6649248.822
5738819.128
5111285.277
5126384.514
5746646.158
5045673.526
5392302.166
5455767.470
6649200.631
6567949.138
6977777.962
6649505.909
4233744.710
6672143.868
6664566.034
6115465.350
4239774.501
6130719.565
4245045.042
4269181.108
4236894.506
6723161.828
6121018.331
5182270.656
6409595.803
6868700.942
4269888.185
6648487.407
4304754.534
5366413.282
5841531.676
5349625.830
6396956.953
6740033.999
5759271.179
6934016.075
6516279.066
6946130.622
5386436.992
6312019.979
6915053.680
4313491.811
6311902.017
6876734.074
5856316.694
6154986.234
6672050.350
4289157.466
5425038.758
6671991.264
5841499.689
5505454.105
5834325.190
6396798.622
5202702.521
6738159.724
5246889.885
5198352.216
6809937.458
Throughput: 145900552.277
